
*** Running vivado
    with args -log temp_top.vds -m64 -product Vivado -mode batch -messageDb vivado.pb -notrace -source temp_top.tcl



****** Vivado v2020.2 (64-bit)
  **** SW Build 3064766 on Wed Nov 18 09:12:45 MST 2020
  **** IP Build 3064653 on Wed Nov 18 14:17:31 MST 2020
    ** Copyright 1986-2020 Xilinx, Inc. All Rights Reserved.

source temp_top.tcl -notrace
Command: synth_design -top temp_top -part xc7a35tcpg236-1
Starting synth_design
Attempting to get a license for feature 'Synthesis' and/or device 'xc7a35t'
INFO: [Common 17-349] Got license for feature 'Synthesis' and/or device 'xc7a35t'
INFO: [Device 21-403] Loading part xc7a35tcpg236-1
INFO: [Synth 8-7079] Multithreading enabled for synth_design using a maximum of 2 processes.
INFO: [Synth 8-7078] Launching helper process for spawning children vivado processes
INFO: [Synth 8-7075] Helper process launched with PID 31252
---------------------------------------------------------------------------------
Starting RTL Elaboration : Time (s): cpu = 00:00:07 ; elapsed = 00:00:08 . Memory (MB): peak = 1017.879 ; gain = 0.000
---------------------------------------------------------------------------------
INFO: [Synth 8-6157] synthesizing module 'temp_top' [C:/Users/Oliver Johnson/Documents/ANU/2021/engn3213/homeAutoCtrl/homeAutoCtrl/homeAutoCtrl.srcs/sources_1/new/temp_top.v:23]
INFO: [Synth 8-6157] synthesizing module 'spot' [C:/Users/Oliver Johnson/Documents/ANU/2021/engn3213/homeAutoCtrl/homeAutoCtrl/homeAutoCtrl.srcs/sources_1/imports/ThreeStatesFSM/spot.v:1]
INFO: [Synth 8-6155] done synthesizing module 'spot' (1#1) [C:/Users/Oliver Johnson/Documents/ANU/2021/engn3213/homeAutoCtrl/homeAutoCtrl/homeAutoCtrl.srcs/sources_1/imports/ThreeStatesFSM/spot.v:1]
INFO: [Synth 8-6157] synthesizing module 'tempFSM' [C:/Users/Oliver Johnson/Documents/ANU/2021/engn3213/homeAutoCtrl/homeAutoCtrl/homeAutoCtrl.srcs/sources_1/new/tempFSM.v:23]
	Parameter IDLE bound to: 2'b00 
	Parameter SETTEMP bound to: 2'b01 
	Parameter MEETTEMP bound to: 2'b10 
	Parameter DONE bound to: 2'b11 
INFO: [Synth 8-6157] synthesizing module 'heartbeat' [C:/Users/Oliver Johnson/Documents/ANU/2021/engn3213/homeAutoCtrl/homeAutoCtrl/homeAutoCtrl.srcs/sources_1/imports/ThreeStatesFSM/heartbeat.v:5]
	Parameter TOPCOUNT bound to: 100000000 - type: integer 
INFO: [Synth 8-6155] done synthesizing module 'heartbeat' (2#1) [C:/Users/Oliver Johnson/Documents/ANU/2021/engn3213/homeAutoCtrl/homeAutoCtrl/homeAutoCtrl.srcs/sources_1/imports/ThreeStatesFSM/heartbeat.v:5]
INFO: [Synth 8-226] default block is never used [C:/Users/Oliver Johnson/Documents/ANU/2021/engn3213/homeAutoCtrl/homeAutoCtrl/homeAutoCtrl.srcs/sources_1/new/tempFSM.v:58]
INFO: [Synth 8-6155] done synthesizing module 'tempFSM' (3#1) [C:/Users/Oliver Johnson/Documents/ANU/2021/engn3213/homeAutoCtrl/homeAutoCtrl/homeAutoCtrl.srcs/sources_1/new/tempFSM.v:23]
INFO: [Synth 8-6157] synthesizing module 'fourDigitSSDController' [C:/Users/Oliver Johnson/Documents/ANU/2021/engn3213/homeAutoCtrl/homeAutoCtrl/homeAutoCtrl.srcs/sources_1/new/fourDigitSSDController.v:23]
INFO: [Synth 8-6157] synthesizing module 'heartbeat__parameterized0' [C:/Users/Oliver Johnson/Documents/ANU/2021/engn3213/homeAutoCtrl/homeAutoCtrl/homeAutoCtrl.srcs/sources_1/imports/ThreeStatesFSM/heartbeat.v:5]
	Parameter TOPCOUNT bound to: 100000 - type: integer 
INFO: [Synth 8-6155] done synthesizing module 'heartbeat__parameterized0' (3#1) [C:/Users/Oliver Johnson/Documents/ANU/2021/engn3213/homeAutoCtrl/homeAutoCtrl/homeAutoCtrl.srcs/sources_1/imports/ThreeStatesFSM/heartbeat.v:5]
INFO: [Synth 8-6157] synthesizing module 'sevenSegmentDecoder' [C:/Users/Oliver Johnson/Documents/ANU/2021/engn3213/homeAutoCtrl/homeAutoCtrl/homeAutoCtrl.srcs/sources_1/imports/Projects/single_seven_segment_display/single_seven_segment_display.srcs/sources_1/new/sevenSegmentDecoder.v:23]
INFO: [Synth 8-6155] done synthesizing module 'sevenSegmentDecoder' (4#1) [C:/Users/Oliver Johnson/Documents/ANU/2021/engn3213/homeAutoCtrl/homeAutoCtrl/homeAutoCtrl.srcs/sources_1/imports/Projects/single_seven_segment_display/single_seven_segment_display.srcs/sources_1/new/sevenSegmentDecoder.v:23]
INFO: [Synth 8-226] default block is never used [C:/Users/Oliver Johnson/Documents/ANU/2021/engn3213/homeAutoCtrl/homeAutoCtrl/homeAutoCtrl.srcs/sources_1/new/fourDigitSSDController.v:49]
INFO: [Synth 8-6155] done synthesizing module 'fourDigitSSDController' (5#1) [C:/Users/Oliver Johnson/Documents/ANU/2021/engn3213/homeAutoCtrl/homeAutoCtrl/homeAutoCtrl.srcs/sources_1/new/fourDigitSSDController.v:23]
INFO: [Synth 8-6155] done synthesizing module 'temp_top' (6#1) [C:/Users/Oliver Johnson/Documents/ANU/2021/engn3213/homeAutoCtrl/homeAutoCtrl/homeAutoCtrl.srcs/sources_1/new/temp_top.v:23]
---------------------------------------------------------------------------------
Finished RTL Elaboration : Time (s): cpu = 00:00:08 ; elapsed = 00:00:09 . Memory (MB): peak = 1017.879 ; gain = 0.000
---------------------------------------------------------------------------------
---------------------------------------------------------------------------------
Start Handling Custom Attributes
---------------------------------------------------------------------------------
---------------------------------------------------------------------------------
Finished Handling Custom Attributes : Time (s): cpu = 00:00:09 ; elapsed = 00:00:10 . Memory (MB): peak = 1017.879 ; gain = 0.000
---------------------------------------------------------------------------------
---------------------------------------------------------------------------------
Finished RTL Optimization Phase 1 : Time (s): cpu = 00:00:09 ; elapsed = 00:00:10 . Memory (MB): peak = 1017.879 ; gain = 0.000
---------------------------------------------------------------------------------
Netlist sorting complete. Time (s): cpu = 00:00:00 ; elapsed = 00:00:00.003 . Memory (MB): peak = 1017.879 ; gain = 0.000
INFO: [Project 1-570] Preparing netlist for logic optimization

Processing XDC Constraints
Initializing timing engine
Parsing XDC File [C:/Users/Oliver Johnson/Documents/ANU/2021/engn3213/homeAutoCtrl/homeAutoCtrl/homeAutoCtrl.srcs/constrs_1/imports/new/MicrowaveFSM_constraint_Basys3.xdc]
Finished Parsing XDC File [C:/Users/Oliver Johnson/Documents/ANU/2021/engn3213/homeAutoCtrl/homeAutoCtrl/homeAutoCtrl.srcs/constrs_1/imports/new/MicrowaveFSM_constraint_Basys3.xdc]
INFO: [Project 1-236] Implementation specific constraints were found while reading constraint file [C:/Users/Oliver Johnson/Documents/ANU/2021/engn3213/homeAutoCtrl/homeAutoCtrl/homeAutoCtrl.srcs/constrs_1/imports/new/MicrowaveFSM_constraint_Basys3.xdc]. These constraints will be ignored for synthesis but will be used in implementation. Impacted constraints are listed in the file [.Xil/temp_top_propImpl.xdc].
Resolution: To avoid this warning, move constraints listed in [.Xil/temp_top_propImpl.xdc] to another XDC file and exclude this new file from synthesis with the used_in_synthesis property (File Properties dialog in GUI) and re-run elaboration/synthesis.
Completed Processing XDC Constraints

Netlist sorting complete. Time (s): cpu = 00:00:00 ; elapsed = 00:00:00.001 . Memory (MB): peak = 1039.855 ; gain = 0.000
INFO: [Project 1-111] Unisim Transformation Summary:
No Unisim elements were transformed.

Constraint Validation Runtime : Time (s): cpu = 00:00:00 ; elapsed = 00:00:00.095 . Memory (MB): peak = 1039.855 ; gain = 0.000
---------------------------------------------------------------------------------
Finished Constraint Validation : Time (s): cpu = 00:00:18 ; elapsed = 00:00:20 . Memory (MB): peak = 1039.855 ; gain = 21.977
---------------------------------------------------------------------------------
---------------------------------------------------------------------------------
Start Loading Part and Timing Information
---------------------------------------------------------------------------------
Loading part: xc7a35tcpg236-1
---------------------------------------------------------------------------------
Finished Loading Part and Timing Information : Time (s): cpu = 00:00:18 ; elapsed = 00:00:20 . Memory (MB): peak = 1039.855 ; gain = 21.977
---------------------------------------------------------------------------------
---------------------------------------------------------------------------------
Start Applying 'set_property' XDC Constraints
---------------------------------------------------------------------------------
---------------------------------------------------------------------------------
Finished applying 'set_property' XDC Constraints : Time (s): cpu = 00:00:18 ; elapsed = 00:00:20 . Memory (MB): peak = 1039.855 ; gain = 21.977
---------------------------------------------------------------------------------
INFO: [Synth 8-802] inferred FSM for state register 'state_reg' in module 'tempFSM'
---------------------------------------------------------------------------------------------------
                   State |                     New Encoding |                Previous Encoding 
---------------------------------------------------------------------------------------------------
                    IDLE |                             0001 |                               00
                 SETTEMP |                             0010 |                               01
                MEETTEMP |                             0100 |                               10
                    DONE |                             1000 |                               11
---------------------------------------------------------------------------------------------------
INFO: [Synth 8-3354] encoded FSM with state register 'state_reg' using encoding 'one-hot' in module 'tempFSM'
---------------------------------------------------------------------------------
Finished RTL Optimization Phase 2 : Time (s): cpu = 00:00:18 ; elapsed = 00:00:20 . Memory (MB): peak = 1039.855 ; gain = 21.977
---------------------------------------------------------------------------------
---------------------------------------------------------------------------------
Start RTL Component Statistics 
---------------------------------------------------------------------------------
Detailed RTL Component Info : 
+---Adders : 
	   3 Input    4 Bit       Adders := 1     
	   2 Input    4 Bit       Adders := 1     
	   2 Input    2 Bit       Adders := 1     
+---Registers : 
	                4 Bit    Registers := 1     
	                2 Bit    Registers := 1     
	                1 Bit    Registers := 1     
+---Muxes : 
	   3 Input   16 Bit        Muxes := 1     
	   2 Input   16 Bit        Muxes := 2     
	   2 Input    4 Bit        Muxes := 6     
	   4 Input    4 Bit        Muxes := 3     
	   2 Input    2 Bit        Muxes := 1     
	   2 Input    1 Bit        Muxes := 1     
---------------------------------------------------------------------------------
Finished RTL Component Statistics 
---------------------------------------------------------------------------------
---------------------------------------------------------------------------------
Start Part Resource Summary
---------------------------------------------------------------------------------
Part Resources:
DSPs: 90 (col length:60)
BRAMs: 100 (col length: RAMB18 60 RAMB36 30)
---------------------------------------------------------------------------------
Finished Part Resource Summary
---------------------------------------------------------------------------------
---------------------------------------------------------------------------------
Start Cross Boundary and Area Optimization
---------------------------------------------------------------------------------
---------------------------------------------------------------------------------
Finished Cross Boundary and Area Optimization : Time (s): cpu = 00:00:21 ; elapsed = 00:00:23 . Memory (MB): peak = 1039.855 ; gain = 21.977
---------------------------------------------------------------------------------
---------------------------------------------------------------------------------
Start Applying XDC Timing Constraints
---------------------------------------------------------------------------------
---------------------------------------------------------------------------------
Finished Applying XDC Timing Constraints : Time (s): cpu = 00:00:29 ; elapsed = 00:00:32 . Memory (MB): peak = 1039.855 ; gain = 21.977
---------------------------------------------------------------------------------
---------------------------------------------------------------------------------
Start Timing Optimization
---------------------------------------------------------------------------------
---------------------------------------------------------------------------------
Finished Timing Optimization : Time (s): cpu = 00:00:29 ; elapsed = 00:00:32 . Memory (MB): peak = 1051.023 ; gain = 33.145
---------------------------------------------------------------------------------
---------------------------------------------------------------------------------
Start Technology Mapping
---------------------------------------------------------------------------------
---------------------------------------------------------------------------------
Finished Technology Mapping : Time (s): cpu = 00:00:29 ; elapsed = 00:00:32 . Memory (MB): peak = 1053.578 ; gain = 35.699
---------------------------------------------------------------------------------
---------------------------------------------------------------------------------
Start IO Insertion
---------------------------------------------------------------------------------
---------------------------------------------------------------------------------
Start Flattening Before IO Insertion
---------------------------------------------------------------------------------
---------------------------------------------------------------------------------
Finished Flattening Before IO Insertion
---------------------------------------------------------------------------------
---------------------------------------------------------------------------------
Start Final Netlist Cleanup
---------------------------------------------------------------------------------
---------------------------------------------------------------------------------
Finished Final Netlist Cleanup
---------------------------------------------------------------------------------
---------------------------------------------------------------------------------
Finished IO Insertion : Time (s): cpu = 00:00:34 ; elapsed = 00:00:37 . Memory (MB): peak = 1059.375 ; gain = 41.496
---------------------------------------------------------------------------------
---------------------------------------------------------------------------------
Start Renaming Generated Instances
---------------------------------------------------------------------------------
---------------------------------------------------------------------------------
Finished Renaming Generated Instances : Time (s): cpu = 00:00:34 ; elapsed = 00:00:37 . Memory (MB): peak = 1059.375 ; gain = 41.496
---------------------------------------------------------------------------------
---------------------------------------------------------------------------------
Start Rebuilding User Hierarchy
---------------------------------------------------------------------------------
---------------------------------------------------------------------------------
Finished Rebuilding User Hierarchy : Time (s): cpu = 00:00:34 ; elapsed = 00:00:37 . Memory (MB): peak = 1059.375 ; gain = 41.496
---------------------------------------------------------------------------------
---------------------------------------------------------------------------------
Start Renaming Generated Ports
---------------------------------------------------------------------------------
---------------------------------------------------------------------------------
Finished Renaming Generated Ports : Time (s): cpu = 00:00:34 ; elapsed = 00:00:37 . Memory (MB): peak = 1059.375 ; gain = 41.496
---------------------------------------------------------------------------------
---------------------------------------------------------------------------------
Start Handling Custom Attributes
---------------------------------------------------------------------------------
---------------------------------------------------------------------------------
Finished Handling Custom Attributes : Time (s): cpu = 00:00:34 ; elapsed = 00:00:37 . Memory (MB): peak = 1059.375 ; gain = 41.496
---------------------------------------------------------------------------------
---------------------------------------------------------------------------------
Start Renaming Generated Nets
---------------------------------------------------------------------------------
---------------------------------------------------------------------------------
Finished Renaming Generated Nets : Time (s): cpu = 00:00:34 ; elapsed = 00:00:37 . Memory (MB): peak = 1059.375 ; gain = 41.496
---------------------------------------------------------------------------------
---------------------------------------------------------------------------------
Start Writing Synthesis Report
---------------------------------------------------------------------------------

Report BlackBoxes: 
+-+--------------+----------+
| |BlackBox name |Instances |
+-+--------------+----------+
+-+--------------+----------+

Report Cell Usage: 
+------+-------+------+
|      |Cell   |Count |
+------+-------+------+
|1     |BUFG   |     1|
|2     |CARRY4 |    12|
|3     |LUT1   |     3|
|4     |LUT2   |     8|
|5     |LUT3   |     4|
|6     |LUT4   |    25|
|7     |LUT5   |    12|
|8     |LUT6   |     9|
|9     |FDRE   |    53|
|10    |FDSE   |     1|
|11    |IBUF   |     6|
|12    |OBUF   |    27|
+------+-------+------+
---------------------------------------------------------------------------------
Finished Writing Synthesis Report : Time (s): cpu = 00:00:34 ; elapsed = 00:00:37 . Memory (MB): peak = 1059.375 ; gain = 41.496
---------------------------------------------------------------------------------
Synthesis finished with 0 errors, 0 critical warnings and 0 warnings.
Synthesis Optimization Runtime : Time (s): cpu = 00:00:22 ; elapsed = 00:00:34 . Memory (MB): peak = 1059.375 ; gain = 19.520
Synthesis Optimization Complete : Time (s): cpu = 00:00:34 ; elapsed = 00:00:38 . Memory (MB): peak = 1059.375 ; gain = 41.496
INFO: [Project 1-571] Translating synthesized netlist
Netlist sorting complete. Time (s): cpu = 00:00:00 ; elapsed = 00:00:00.002 . Memory (MB): peak = 1071.496 ; gain = 0.000
INFO: [Netlist 29-17] Analyzing 12 Unisim elements for replacement
INFO: [Netlist 29-28] Unisim Transformation completed in 0 CPU seconds
INFO: [Project 1-570] Preparing netlist for logic optimization
INFO: [Opt 31-138] Pushed 0 inverter(s) to 0 load pin(s).
Netlist sorting complete. Time (s): cpu = 00:00:00 ; elapsed = 00:00:00 . Memory (MB): peak = 1073.980 ; gain = 0.000
INFO: [Project 1-111] Unisim Transformation Summary:
No Unisim elements were transformed.

INFO: [Common 17-83] Releasing license: Synthesis
33 Infos, 0 Warnings, 0 Critical Warnings and 0 Errors encountered.
synth_design completed successfully
synth_design: Time (s): cpu = 00:00:42 ; elapsed = 00:00:47 . Memory (MB): peak = 1073.980 ; gain = 56.102
INFO: [Common 17-1381] The checkpoint 'C:/Users/Oliver Johnson/Documents/ANU/2021/engn3213/homeAutoCtrl/homeAutoCtrl/homeAutoCtrl.runs/synth_1/temp_top.dcp' has been generated.
INFO: [runtcl-4] Executing : report_utilization -file temp_top_utilization_synth.rpt -pb temp_top_utilization_synth.pb
INFO: [Common 17-206] Exiting Vivado at Mon Apr 12 16:07:22 2021...
