Copyright 1986-2020 Xilinx, Inc. All Rights Reserved.
---------------------------------------------------------------------------------------
| Tool Version : Vivado v.2020.2 (win64) Build 3064766 Wed Nov 18 09:12:45 MST 2020
| Date         : Sun Apr 18 22:37:02 2021
| Host         : OliversXPS running 64-bit major release  (build 9200)
| Command      : report_control_sets -verbose -file lights_top_control_sets_placed.rpt
| Design       : lights_top
| Device       : xc7a35t
---------------------------------------------------------------------------------------

Control Set Information

Table of Contents
-----------------
1. Summary
2. Histogram
3. Flip-Flop Distribution
4. Detailed Control Set Information

1. Summary
----------

+----------------------------------------------------------+-------+
|                          Status                          | Count |
+----------------------------------------------------------+-------+
| Total control sets                                       |     4 |
|    Minimum number of control sets                        |     4 |
|    Addition due to synthesis replication                 |     0 |
|    Addition due to physical synthesis replication        |     0 |
| Unused register locations in slices containing registers |    16 |
+----------------------------------------------------------+-------+
* Control sets can be merged at opt_design using control_set_merge or merge_equivalent_drivers
** Run report_qor_suggestions for automated merging and remapping suggestions


2. Histogram
------------

+--------------------+-------+
|       Fanout       | Count |
+--------------------+-------+
| Total control sets |     4 |
| >= 0 to < 4        |     1 |
| >= 4 to < 6        |     0 |
| >= 6 to < 8        |     1 |
| >= 8 to < 10       |     0 |
| >= 10 to < 12      |     0 |
| >= 12 to < 14      |     0 |
| >= 14 to < 16      |     0 |
| >= 16              |     2 |
+--------------------+-------+
* Control sets can be remapped at either synth_design or opt_design


3. Flip-Flop Distribution
-------------------------

+--------------+-----------------------+------------------------+-----------------+--------------+
| Clock Enable | Synchronous Set/Reset | Asynchronous Set/Reset | Total Registers | Total Slices |
+--------------+-----------------------+------------------------+-----------------+--------------+
| No           | No                    | No                     |               7 |            2 |
| No           | No                    | Yes                    |               0 |            0 |
| No           | Yes                   | No                     |              48 |           13 |
| Yes          | No                    | No                     |               1 |            1 |
| Yes          | No                    | Yes                    |               0 |            0 |
| Yes          | Yes                   | No                     |               0 |            0 |
+--------------+-----------------------+------------------------+-----------------+--------------+


4. Detailed Control Set Information
-----------------------------------

+-------------------+--------------------------+-----------------------------------------+------------------+----------------+--------------+
|    Clock Signal   |       Enable Signal      |             Set/Reset Signal            | Slice Load Count | Bel Load Count | Bels / Slice |
+-------------------+--------------------------+-----------------------------------------+------------------+----------------+--------------+
|  sysclk_IBUF_BUFG | de_Center/beatEvent/E[0] |                                         |                1 |              1 |         1.00 |
|  sysclk_IBUF_BUFG |                          |                                         |                2 |              7 |         3.50 |
|  sysclk_IBUF_BUFG |                          | de_Center/beatEvent/count[0]_i_1__0_n_0 |                6 |             21 |         3.50 |
|  sysclk_IBUF_BUFG |                          | lightController/one_Hz_hb/oneHzbeat     |                7 |             27 |         3.86 |
+-------------------+--------------------------+-----------------------------------------+------------------+----------------+--------------+


